0 info it worked if it ends with ok
1 verbose cli [ '/home/omar/.local/share/umake/nodejs/nodejs-lang/bin/node',
1 verbose cli   '/home/omar/.local/share/umake/nodejs/nodejs-lang/bin/npm',
1 verbose cli   'start' ]
2 info using npm@4.1.1
3 info using node@v7.2.0
4 verbose run-script [ 'prestart', 'start', 'poststart' ]
5 info lifecycle @~prestart: @
6 silly lifecycle @~prestart: no script for prestart, continuing
7 info lifecycle @~start: @
8 verbose lifecycle @~start: unsafe-perm in lifecycle true
9 verbose lifecycle @~start: PATH: /home/omar/.local/share/umake/nodejs/nodejs-lang/lib/node_modules/npm/bin/node-gyp-bin:/home/omar/projects/opensource/simple-material-design-blog-theme/node_modules/.bin:/home/omar/bin/terminus/vendor/bin:/home/omar/.local/share/umake/nodejs/nodejs-lang/bin:/home/omar/.npm_modules/bin:/home/omar/.local/share/umake/bin:/home/omar/bin:/home/omar/.local/bin:/usr/local/sbin:/usr/local/bin:/usr/sbin:/usr/bin:/sbin:/bin:/usr/games:/usr/local/games:/snap/bin
10 verbose lifecycle @~start: CWD: /home/omar/projects/opensource/simple-material-design-blog-theme
11 silly lifecycle @~start: Args: [ '-c',
11 silly lifecycle   'concurrently "gulp scss-dev" "gulp js-dev" "gulp move-fonts" "gulp move-images" "gulp serve-dev"' ]
12 silly lifecycle @~start: Returned: code: 1  signal: null
13 info lifecycle @~start: Failed to exec start script
14 verbose stack Error: @ start: `concurrently "gulp scss-dev" "gulp js-dev" "gulp move-fonts" "gulp move-images" "gulp serve-dev"`
14 verbose stack Exit status 1
14 verbose stack     at EventEmitter.<anonymous> (/home/omar/.local/share/umake/nodejs/nodejs-lang/lib/node_modules/npm/lib/utils/lifecycle.js:279:16)
14 verbose stack     at emitTwo (events.js:106:13)
14 verbose stack     at EventEmitter.emit (events.js:191:7)
14 verbose stack     at ChildProcess.<anonymous> (/home/omar/.local/share/umake/nodejs/nodejs-lang/lib/node_modules/npm/lib/utils/spawn.js:40:14)
14 verbose stack     at emitTwo (events.js:106:13)
14 verbose stack     at ChildProcess.emit (events.js:191:7)
14 verbose stack     at maybeClose (internal/child_process.js:885:16)
14 verbose stack     at Process.ChildProcess._handle.onexit (internal/child_process.js:226:5)
15 verbose pkgid @
16 verbose cwd /home/omar/projects/opensource/simple-material-design-blog-theme
17 error Linux 4.4.0-59-generic
18 error argv "/home/omar/.local/share/umake/nodejs/nodejs-lang/bin/node" "/home/omar/.local/share/umake/nodejs/nodejs-lang/bin/npm" "start"
19 error node v7.2.0
20 error npm  v4.1.1
21 error code ELIFECYCLE
22 error @ start: `concurrently "gulp scss-dev" "gulp js-dev" "gulp move-fonts" "gulp move-images" "gulp serve-dev"`
22 error Exit status 1
23 error Failed at the @ start script 'concurrently "gulp scss-dev" "gulp js-dev" "gulp move-fonts" "gulp move-images" "gulp serve-dev"'.
23 error Make sure you have the latest version of node.js and npm installed.
23 error If you do, this is most likely a problem with the  package,
23 error not with npm itself.
23 error Tell the author that this fails on your system:
23 error     concurrently "gulp scss-dev" "gulp js-dev" "gulp move-fonts" "gulp move-images" "gulp serve-dev"
23 error You can get information on how to open an issue for this project with:
23 error     npm bugs
23 error Or if that isn't available, you can get their info via:
23 error     npm owner ls
23 error There is likely additional logging output above.
24 verbose exit [ 1, true ]
